[2022-11-18T12:33:52.810] [ERROR] archivoError - CastError: Cast to ObjectId failed for value "productos" (type string) at path "_id" for model "carritos"
    at model.Query.exec (C:\Users\nicol\Coderhouse-Back-End-32080\node_modules\mongoose\lib\query.js:4891:21)
    at model.Query.Query.then (C:\Users\nicol\Coderhouse-Back-End-32080\node_modules\mongoose\lib\query.js:4990:15)
    at processTicksAndRejections (node:internal/process/task_queues:96:5) {
  messageFormat: undefined,
  stringValue: '"productos"',
  kind: 'ObjectId',
  value: 'productos',
  path: '_id',
  reason: BSONTypeError: Argument passed in must be a string of 12 bytes or a string of 24 hex characters or an integer
      at new BSONTypeError (C:\Users\nicol\Coderhouse-Back-End-32080\node_modules\bson\lib\error.js:41:28)
      at new ObjectId (C:\Users\nicol\Coderhouse-Back-End-32080\node_modules\bson\lib\objectid.js:67:23)
      at castObjectId (C:\Users\nicol\Coderhouse-Back-End-32080\node_modules\mongoose\lib\cast\objectid.js:25:12)
      at ObjectId.cast (C:\Users\nicol\Coderhouse-Back-End-32080\node_modules\mongoose\lib\schema\objectid.js:246:12)
      at ObjectId.SchemaType.applySetters (C:\Users\nicol\Coderhouse-Back-End-32080\node_modules\mongoose\lib\schematype.js:1201:12)
      at ObjectId.SchemaType._castForQuery (C:\Users\nicol\Coderhouse-Back-End-32080\node_modules\mongoose\lib\schematype.js:1648:15)
      at ObjectId.SchemaType.castForQuery (C:\Users\nicol\Coderhouse-Back-End-32080\node_modules\mongoose\lib\schematype.js:1636:15)
      at ObjectId.SchemaType.castForQueryWrapper (C:\Users\nicol\Coderhouse-Back-End-32080\node_modules\mongoose\lib\schematype.js:1612:20)
      at cast (C:\Users\nicol\Coderhouse-Back-End-32080\node_modules\mongoose\lib\cast.js:342:32)
      at model.Query.Query.cast (C:\Users\nicol\Coderhouse-Back-End-32080\node_modules\mongoose\lib\query.js:5319:12),
  valueType: 'string'
}
