[2022-11-29T15:51:08.543] [ERROR] archivoError - Error en el servidor Error: listen EADDRINUSE: address already in use :::8080
[2022-11-29T19:22:45.298] [ERROR] archivoError - Error en el servidor Error: listen EADDRINUSE: address already in use :::8080
[2022-11-29T19:39:01.187] [ERROR] archivoError - MongoNotConnectedError: Client must be connected before running operations
    at executeOperationAsync (C:\Users\nicol\Coderhouse-Back-End-32080\node_modules\mongodb\lib\operations\execute_operation.js:24:19)
    at C:\Users\nicol\Coderhouse-Back-End-32080\node_modules\mongodb\lib\operations\execute_operation.js:12:45
    at maybeCallback (C:\Users\nicol\Coderhouse-Back-End-32080\node_modules\mongodb\lib\utils.js:337:21)
    at executeOperation (C:\Users\nicol\Coderhouse-Back-End-32080\node_modules\mongodb\lib\operations\execute_operation.js:12:38)
    at FindCursor._initialize (C:\Users\nicol\Coderhouse-Back-End-32080\node_modules\mongodb\lib\cursor\find_cursor.js:54:50)
    at FindCursor.[kInit] (C:\Users\nicol\Coderhouse-Back-End-32080\node_modules\mongodb\lib\cursor\abstract_cursor.js:403:14)
    at next (C:\Users\nicol\Coderhouse-Back-End-32080\node_modules\mongodb\lib\cursor\abstract_cursor.js:475:22)
    at node:internal/util:360:7
    at new Promise (<anonymous>)
    at next (node:internal/util:346:12) {
  [Symbol(errorLabels)]: Set(0) {}
}
[2022-11-29T19:47:16.203] [ERROR] archivoError - Error en el servidor Error: listen EADDRINUSE: address already in use :::8080
[2022-11-29T19:57:26.689] [ERROR] archivoError - Error en el servidor Error: listen EADDRINUSE: address already in use :::8080
[2022-11-29T21:27:17.965] [ERROR] archivoError - Error en el servidor Error: listen EADDRINUSE: address already in use :::8080
[2022-11-30T12:04:04.511] [ERROR] archivoError - Error en el servidor Error: listen EADDRINUSE: address already in use :::8080
[2022-11-30T12:07:18.420] [ERROR] archivoError - Error en el servidor Error: listen EADDRINUSE: address already in use :::8080
[2022-11-30T12:07:26.020] [ERROR] archivoError - Error en el servidor Error: listen EADDRINUSE: address already in use :::8080
[2022-11-30T12:07:45.051] [ERROR] archivoError - Error en el servidor Error: listen EADDRINUSE: address already in use :::8080
[2022-11-30T12:07:53.276] [ERROR] archivoError - Error en el servidor Error: listen EADDRINUSE: address already in use :::8080
[2022-12-05T18:04:54.160] [ERROR] archivoError - CastError: Cast to ObjectId failed for value "1" (type number) at path "_id" for model "usuarios"
    at model.Query.exec (C:\Users\nicol\Coderhouse-Back-End-32080\node_modules\mongoose\lib\query.js:4897:21)
    at model.Query.Query.then (C:\Users\nicol\Coderhouse-Back-End-32080\node_modules\mongoose\lib\query.js:4996:15) {
  messageFormat: undefined,
  stringValue: '"1"',
  kind: 'ObjectId',
  value: 1,
  path: '_id',
  reason: BSONTypeError: Argument passed in must be a string of 12 bytes or a string of 24 hex characters or an integer
      at new BSONTypeError (C:\Users\nicol\Coderhouse-Back-End-32080\node_modules\bson\lib\error.js:41:28)
      at new ObjectId (C:\Users\nicol\Coderhouse-Back-End-32080\node_modules\bson\lib\objectid.js:67:23)
      at castObjectId (C:\Users\nicol\Coderhouse-Back-End-32080\node_modules\mongoose\lib\cast\objectid.js:25:12)
      at ObjectId.cast (C:\Users\nicol\Coderhouse-Back-End-32080\node_modules\mongoose\lib\schema\objectid.js:246:12)
      at ObjectId.SchemaType.applySetters (C:\Users\nicol\Coderhouse-Back-End-32080\node_modules\mongoose\lib\schematype.js:1201:12)
      at ObjectId.SchemaType._castForQuery (C:\Users\nicol\Coderhouse-Back-End-32080\node_modules\mongoose\lib\schematype.js:1648:15)
      at ObjectId.SchemaType.castForQuery (C:\Users\nicol\Coderhouse-Back-End-32080\node_modules\mongoose\lib\schematype.js:1636:15)
      at ObjectId.SchemaType.castForQueryWrapper (C:\Users\nicol\Coderhouse-Back-End-32080\node_modules\mongoose\lib\schematype.js:1612:20)
      at cast (C:\Users\nicol\Coderhouse-Back-End-32080\node_modules\mongoose\lib\cast.js:342:32)
      at model.Query.Query.cast (C:\Users\nicol\Coderhouse-Back-End-32080\node_modules\mongoose\lib\query.js:5325:12),
  valueType: 'number'
}
[2022-12-05T18:04:54.883] [ERROR] archivoError - CastError: Cast to ObjectId failed for value "1" (type number) at path "_id" for model "usuarios"
    at model.Query.exec (C:\Users\nicol\Coderhouse-Back-End-32080\node_modules\mongoose\lib\query.js:4897:21)
    at model.Query.Query.then (C:\Users\nicol\Coderhouse-Back-End-32080\node_modules\mongoose\lib\query.js:4996:15) {
  messageFormat: undefined,
  stringValue: '"1"',
  kind: 'ObjectId',
  value: 1,
  path: '_id',
  reason: BSONTypeError: Argument passed in must be a string of 12 bytes or a string of 24 hex characters or an integer
      at new BSONTypeError (C:\Users\nicol\Coderhouse-Back-End-32080\node_modules\bson\lib\error.js:41:28)
      at new ObjectId (C:\Users\nicol\Coderhouse-Back-End-32080\node_modules\bson\lib\objectid.js:67:23)
      at castObjectId (C:\Users\nicol\Coderhouse-Back-End-32080\node_modules\mongoose\lib\cast\objectid.js:25:12)
      at ObjectId.cast (C:\Users\nicol\Coderhouse-Back-End-32080\node_modules\mongoose\lib\schema\objectid.js:246:12)
      at ObjectId.SchemaType.applySetters (C:\Users\nicol\Coderhouse-Back-End-32080\node_modules\mongoose\lib\schematype.js:1201:12)
      at ObjectId.SchemaType._castForQuery (C:\Users\nicol\Coderhouse-Back-End-32080\node_modules\mongoose\lib\schematype.js:1648:15)
      at ObjectId.SchemaType.castForQuery (C:\Users\nicol\Coderhouse-Back-End-32080\node_modules\mongoose\lib\schematype.js:1636:15)
      at ObjectId.SchemaType.castForQueryWrapper (C:\Users\nicol\Coderhouse-Back-End-32080\node_modules\mongoose\lib\schematype.js:1612:20)
      at cast (C:\Users\nicol\Coderhouse-Back-End-32080\node_modules\mongoose\lib\cast.js:342:32)
      at model.Query.Query.cast (C:\Users\nicol\Coderhouse-Back-End-32080\node_modules\mongoose\lib\query.js:5325:12),
  valueType: 'number'
}
[2022-12-05T18:04:56.271] [ERROR] archivoError - CastError: Cast to ObjectId failed for value "1" (type number) at path "_id" for model "usuarios"
    at model.Query.exec (C:\Users\nicol\Coderhouse-Back-End-32080\node_modules\mongoose\lib\query.js:4897:21)
    at model.Query.Query.then (C:\Users\nicol\Coderhouse-Back-End-32080\node_modules\mongoose\lib\query.js:4996:15) {
  messageFormat: undefined,
  stringValue: '"1"',
  kind: 'ObjectId',
  value: 1,
  path: '_id',
  reason: BSONTypeError: Argument passed in must be a string of 12 bytes or a string of 24 hex characters or an integer
      at new BSONTypeError (C:\Users\nicol\Coderhouse-Back-End-32080\node_modules\bson\lib\error.js:41:28)
      at new ObjectId (C:\Users\nicol\Coderhouse-Back-End-32080\node_modules\bson\lib\objectid.js:67:23)
      at castObjectId (C:\Users\nicol\Coderhouse-Back-End-32080\node_modules\mongoose\lib\cast\objectid.js:25:12)
      at ObjectId.cast (C:\Users\nicol\Coderhouse-Back-End-32080\node_modules\mongoose\lib\schema\objectid.js:246:12)
      at ObjectId.SchemaType.applySetters (C:\Users\nicol\Coderhouse-Back-End-32080\node_modules\mongoose\lib\schematype.js:1201:12)
      at ObjectId.SchemaType._castForQuery (C:\Users\nicol\Coderhouse-Back-End-32080\node_modules\mongoose\lib\schematype.js:1648:15)
      at ObjectId.SchemaType.castForQuery (C:\Users\nicol\Coderhouse-Back-End-32080\node_modules\mongoose\lib\schematype.js:1636:15)
      at ObjectId.SchemaType.castForQueryWrapper (C:\Users\nicol\Coderhouse-Back-End-32080\node_modules\mongoose\lib\schematype.js:1612:20)
      at cast (C:\Users\nicol\Coderhouse-Back-End-32080\node_modules\mongoose\lib\cast.js:342:32)
      at model.Query.Query.cast (C:\Users\nicol\Coderhouse-Back-End-32080\node_modules\mongoose\lib\query.js:5325:12),
  valueType: 'number'
}
[2022-12-05T18:04:59.325] [ERROR] archivoError - CastError: Cast to ObjectId failed for value "1" (type number) at path "_id" for model "usuarios"
    at model.Query.exec (C:\Users\nicol\Coderhouse-Back-End-32080\node_modules\mongoose\lib\query.js:4897:21)
    at model.Query.Query.then (C:\Users\nicol\Coderhouse-Back-End-32080\node_modules\mongoose\lib\query.js:4996:15) {
  messageFormat: undefined,
  stringValue: '"1"',
  kind: 'ObjectId',
  value: 1,
  path: '_id',
  reason: BSONTypeError: Argument passed in must be a string of 12 bytes or a string of 24 hex characters or an integer
      at new BSONTypeError (C:\Users\nicol\Coderhouse-Back-End-32080\node_modules\bson\lib\error.js:41:28)
      at new ObjectId (C:\Users\nicol\Coderhouse-Back-End-32080\node_modules\bson\lib\objectid.js:67:23)
      at castObjectId (C:\Users\nicol\Coderhouse-Back-End-32080\node_modules\mongoose\lib\cast\objectid.js:25:12)
      at ObjectId.cast (C:\Users\nicol\Coderhouse-Back-End-32080\node_modules\mongoose\lib\schema\objectid.js:246:12)
      at ObjectId.SchemaType.applySetters (C:\Users\nicol\Coderhouse-Back-End-32080\node_modules\mongoose\lib\schematype.js:1201:12)
      at ObjectId.SchemaType._castForQuery (C:\Users\nicol\Coderhouse-Back-End-32080\node_modules\mongoose\lib\schematype.js:1648:15)
      at ObjectId.SchemaType.castForQuery (C:\Users\nicol\Coderhouse-Back-End-32080\node_modules\mongoose\lib\schematype.js:1636:15)
      at ObjectId.SchemaType.castForQueryWrapper (C:\Users\nicol\Coderhouse-Back-End-32080\node_modules\mongoose\lib\schematype.js:1612:20)
      at cast (C:\Users\nicol\Coderhouse-Back-End-32080\node_modules\mongoose\lib\cast.js:342:32)
      at model.Query.Query.cast (C:\Users\nicol\Coderhouse-Back-End-32080\node_modules\mongoose\lib\query.js:5325:12),
  valueType: 'number'
}
[2022-12-06T15:48:59.804] [ERROR] archivoError - Error en el servidor Error: listen EADDRINUSE: address already in use :::8080
